Validating '/work/dist/oscal/ssp.json' as JSON.
Validation identified the following in file '/work/dist/oscal/ssp.json'.
[97m[[0;91mERROR[0;97m] [m[[97m#/system-security-plan[m] #/system-security-plan: 35 schema violations found [file:///work/dist/oscal/ssp.json]
[97m[[0;91mERROR[0;97m] [m[[97m#/system-security-plan/system-implementation[m] #/system-security-plan/system-implementation: 8 schema violations found [file:///work/dist/oscal/ssp.json]
[97m[[0;91mERROR[0;97m] [m[[97m#/system-security-plan/system-implementation/components[m] #/system-security-plan/system-implementation/components: 3 schema violations found [file:///work/dist/oscal/ssp.json]
[97m[[0;91mERROR[0;97m] [m[[97m#/system-security-plan/system-implementation/components/0/responsible-roles[m] #/system-security-plan/system-implementation/components/0/responsible-roles: expected minimum item count: 1, found: 0 [file:///work/dist/oscal/ssp.json]
[97m[[0;91mERROR[0;97m] [m[[97m#/system-security-plan/system-implementation/components/1/responsible-roles[m] #/system-security-plan/system-implementation/components/1/responsible-roles: expected minimum item count: 1, found: 0 [file:///work/dist/oscal/ssp.json]
[97m[[0;91mERROR[0;97m] [m[[97m#/system-security-plan/system-implementation/components/2/responsible-roles[m] #/system-security-plan/system-implementation/components/2/responsible-roles: expected minimum item count: 1, found: 0 [file:///work/dist/oscal/ssp.json]
[97m[[0;91mERROR[0;97m] [m[[97m#/system-security-plan/system-implementation/users[m] #/system-security-plan/system-implementation/users: 5 schema violations found [file:///work/dist/oscal/ssp.json]
[97m[[0;91mERROR[0;97m] [m[[97m#/system-security-plan/system-implementation/users/0/authorized-privileges[m] #/system-security-plan/system-implementation/users/0/authorized-privileges: 3 schema violations found [file:///work/dist/oscal/ssp.json]
[97m[[0;91mERROR[0;97m] [m[[97m#/system-security-plan/system-implementation/users/0/authorized-privileges/0[m] #/system-security-plan/system-implementation/users/0/authorized-privileges/0: expected type: JSONObject, found: String [file:///work/dist/oscal/ssp.json]
[97m[[0;91mERROR[0;97m] [m[[97m#/system-security-plan/system-implementation/users/0/authorized-privileges/1[m] #/system-security-plan/system-implementation/users/0/authorized-privileges/1: expected type: JSONObject, found: String [file:///work/dist/oscal/ssp.json]
[97m[[0;91mERROR[0;97m] [m[[97m#/system-security-plan/system-implementation/users/0/authorized-privileges/2[m] #/system-security-plan/system-implementation/users/0/authorized-privileges/2: expected type: JSONObject, found: String [file:///work/dist/oscal/ssp.json]
[97m[[0;91mERROR[0;97m] [m[[97m#/system-security-plan/system-implementation/users/1/authorized-privileges[m] #/system-security-plan/system-implementation/users/1/authorized-privileges: 2 schema violations found [file:///work/dist/oscal/ssp.json]
[97m[[0;91mERROR[0;97m] [m[[97m#/system-security-plan/system-implementation/users/1/authorized-privileges/0[m] #/system-security-plan/system-implementation/users/1/authorized-privileges/0: expected type: JSONObject, found: String [file:///work/dist/oscal/ssp.json]
[97m[[0;91mERROR[0;97m] [m[[97m#/system-security-plan/system-implementation/users/1/authorized-privileges/1[m] #/system-security-plan/system-implementation/users/1/authorized-privileges/1: expected type: JSONObject, found: String [file:///work/dist/oscal/ssp.json]
[97m[[0;91mERROR[0;97m] [m[[97m#/system-security-plan/control-implementation/implemented-requirements[m] #/system-security-plan/control-implementation/implemented-requirements: 21 schema violations found [file:///work/dist/oscal/ssp.json]
[97m[[0;91mERROR[0;97m] [m[[97m#/system-security-plan/control-implementation/implemented-requirements/0[m] #/system-security-plan/control-implementation/implemented-requirements/0: 2 schema violations found [file:///work/dist/oscal/ssp.json]
[97m[[0;91mERROR[0;97m] [m[[97m#/system-security-plan/control-implementation/implemented-requirements/0[m] #/system-security-plan/control-implementation/implemented-requirements/0: extraneous key [description] is not permitted [file:///work/dist/oscal/ssp.json]
[97m[[0;91mERROR[0;97m] [m[[97m#/system-security-plan/control-implementation/implemented-requirements/0/statements/0[m] #/system-security-plan/control-implementation/implemented-requirements/0/statements/0: extraneous key [description] is not permitted [file:///work/dist/oscal/ssp.json]
[97m[[0;91mERROR[0;97m] [m[[97m#/system-security-plan/control-implementation/implemented-requirements/1[m] #/system-security-plan/control-implementation/implemented-requirements/1: 2 schema violations found [file:///work/dist/oscal/ssp.json]
[97m[[0;91mERROR[0;97m] [m[[97m#/system-security-plan/control-implementation/implemented-requirements/1[m] #/system-security-plan/control-implementation/implemented-requirements/1: extraneous key [description] is not permitted [file:///work/dist/oscal/ssp.json]
[97m[[0;91mERROR[0;97m] [m[[97m#/system-security-plan/control-implementation/implemented-requirements/1/statements/0[m] #/system-security-plan/control-implementation/implemented-requirements/1/statements/0: extraneous key [description] is not permitted [file:///work/dist/oscal/ssp.json]
[97m[[0;91mERROR[0;97m] [m[[97m#/system-security-plan/control-implementation/implemented-requirements/2[m] #/system-security-plan/control-implementation/implemented-requirements/2: 2 schema violations found [file:///work/dist/oscal/ssp.json]
[97m[[0;91mERROR[0;97m] [m[[97m#/system-security-plan/control-implementation/implemented-requirements/2[m] #/system-security-plan/control-implementation/implemented-requirements/2: extraneous key [description] is not permitted [file:///work/dist/oscal/ssp.json]
[97m[[0;91mERROR[0;97m] [m[[97m#/system-security-plan/control-implementation/implemented-requirements/2/statements/0[m] #/system-security-plan/control-implementation/implemented-requirements/2/statements/0: extraneous key [description] is not permitted [file:///work/dist/oscal/ssp.json]
[97m[[0;91mERROR[0;97m] [m[[97m#/system-security-plan/control-implementation/implemented-requirements/3[m] #/system-security-plan/control-implementation/implemented-requirements/3: 3 schema violations found [file:///work/dist/oscal/ssp.json]
[97m[[0;91mERROR[0;97m] [m[[97m#/system-security-plan/control-implementation/implemented-requirements/3[m] #/system-security-plan/control-implementation/implemented-requirements/3: extraneous key [findings] is not permitted [file:///work/dist/oscal/ssp.json]
[97m[[0;91mERROR[0;97m] [m[[97m#/system-security-plan/control-implementation/implemented-requirements/3[m] #/system-security-plan/control-implementation/implemented-requirements/3: extraneous key [description] is not permitted [file:///work/dist/oscal/ssp.json]
[97m[[0;91mERROR[0;97m] [m[[97m#/system-security-plan/control-implementation/implemented-requirements/3/statements/0[m] #/system-security-plan/control-implementation/implemented-requirements/3/statements/0: extraneous key [description] is not permitted [file:///work/dist/oscal/ssp.json]
[97m[[0;91mERROR[0;97m] [m[[97m#/system-security-plan/control-implementation/implemented-requirements/4[m] #/system-security-plan/control-implementation/implemented-requirements/4: 3 schema violations found [file:///work/dist/oscal/ssp.json]
[97m[[0;91mERROR[0;97m] [m[[97m#/system-security-plan/control-implementation/implemented-requirements/4[m] #/system-security-plan/control-implementation/implemented-requirements/4: extraneous key [findings] is not permitted [file:///work/dist/oscal/ssp.json]
[97m[[0;91mERROR[0;97m] [m[[97m#/system-security-plan/control-implementation/implemented-requirements/4[m] #/system-security-plan/control-implementation/implemented-requirements/4: extraneous key [description] is not permitted [file:///work/dist/oscal/ssp.json]
[97m[[0;91mERROR[0;97m] [m[[97m#/system-security-plan/control-implementation/implemented-requirements/4/statements[m] #/system-security-plan/control-implementation/implemented-requirements/4/statements: expected minimum item count: 1, found: 0 [file:///work/dist/oscal/ssp.json]
[97m[[0;91mERROR[0;97m] [m[[97m#/system-security-plan/control-implementation/implemented-requirements/5[m] #/system-security-plan/control-implementation/implemented-requirements/5: 3 schema violations found [file:///work/dist/oscal/ssp.json]
[97m[[0;91mERROR[0;97m] [m[[97m#/system-security-plan/control-implementation/implemented-requirements/5[m] #/system-security-plan/control-implementation/implemented-requirements/5: extraneous key [findings] is not permitted [file:///work/dist/oscal/ssp.json]
[97m[[0;91mERROR[0;97m] [m[[97m#/system-security-plan/control-implementation/implemented-requirements/5[m] #/system-security-plan/control-implementation/implemented-requirements/5: extraneous key [description] is not permitted [file:///work/dist/oscal/ssp.json]
[97m[[0;91mERROR[0;97m] [m[[97m#/system-security-plan/control-implementation/implemented-requirements/5/statements[m] #/system-security-plan/control-implementation/implemented-requirements/5/statements: expected minimum item count: 1, found: 0 [file:///work/dist/oscal/ssp.json]
[97m[[0;91mERROR[0;97m] [m[[97m#/system-security-plan/control-implementation/implemented-requirements/6[m] #/system-security-plan/control-implementation/implemented-requirements/6: 3 schema violations found [file:///work/dist/oscal/ssp.json]
[97m[[0;91mERROR[0;97m] [m[[97m#/system-security-plan/control-implementation/implemented-requirements/6[m] #/system-security-plan/control-implementation/implemented-requirements/6: extraneous key [findings] is not permitted [file:///work/dist/oscal/ssp.json]
[97m[[0;91mERROR[0;97m] [m[[97m#/system-security-plan/control-implementation/implemented-requirements/6[m] #/system-security-plan/control-implementation/implemented-requirements/6: extraneous key [description] is not permitted [file:///work/dist/oscal/ssp.json]
[97m[[0;91mERROR[0;97m] [m[[97m#/system-security-plan/control-implementation/implemented-requirements/6/statements[m] #/system-security-plan/control-implementation/implemented-requirements/6/statements: expected minimum item count: 1, found: 0 [file:///work/dist/oscal/ssp.json]
[97m[[0;91mERROR[0;97m] [m[[97m#/system-security-plan/control-implementation/implemented-requirements/7[m] #/system-security-plan/control-implementation/implemented-requirements/7: 3 schema violations found [file:///work/dist/oscal/ssp.json]
[97m[[0;91mERROR[0;97m] [m[[97m#/system-security-plan/control-implementation/implemented-requirements/7[m] #/system-security-plan/control-implementation/implemented-requirements/7: extraneous key [findings] is not permitted [file:///work/dist/oscal/ssp.json]
[97m[[0;91mERROR[0;97m] [m[[97m#/system-security-plan/control-implementation/implemented-requirements/7[m] #/system-security-plan/control-implementation/implemented-requirements/7: extraneous key [description] is not permitted [file:///work/dist/oscal/ssp.json]
[97m[[0;91mERROR[0;97m] [m[[97m#/system-security-plan/control-implementation/implemented-requirements/7/statements[m] #/system-security-plan/control-implementation/implemented-requirements/7/statements: expected minimum item count: 1, found: 0 [file:///work/dist/oscal/ssp.json]
[97m[[0;91mERROR[0;97m] [m[[97m#/system-security-plan/import-profile[m] #/system-security-plan/import-profile: extraneous key [description] is not permitted [file:///work/dist/oscal/ssp.json]
[97m[[0;91mERROR[0;97m] [m[[97m#/system-security-plan/system-characteristics[m] #/system-security-plan/system-characteristics: 2 schema violations found [file:///work/dist/oscal/ssp.json]
[97m[[0;91mERROR[0;97m] [m[[97m#/system-security-plan/system-characteristics[m] #/system-security-plan/system-characteristics: required key [status] not found [file:///work/dist/oscal/ssp.json]
[97m[[0;91mERROR[0;97m] [m[[97m#/system-security-plan/system-characteristics/system-information/information-types[m] #/system-security-plan/system-characteristics/system-information/information-types: expected minimum item count: 1, found: 0 [file:///work/dist/oscal/ssp.json]
[97m[[0;91mERROR[0;97m] [m[[97m#/system-security-plan/back-matter/resources[m] #/system-security-plan/back-matter/resources: 3 schema violations found [file:///work/dist/oscal/ssp.json]
[97m[[0;91mERROR[0;97m] [m[[97m#/system-security-plan/back-matter/resources/0/rlinks/0[m] #/system-security-plan/back-matter/resources/0/rlinks/0: extraneous key [rel] is not permitted [file:///work/dist/oscal/ssp.json]
[97m[[0;91mERROR[0;97m] [m[[97m#/system-security-plan/back-matter/resources/1/rlinks/0[m] #/system-security-plan/back-matter/resources/1/rlinks/0: extraneous key [rel] is not permitted [file:///work/dist/oscal/ssp.json]
[97m[[0;91mERROR[0;97m] [m[[97m#/system-security-plan/back-matter/resources/2/rlinks/0[m] #/system-security-plan/back-matter/resources/2/rlinks/0: extraneous key [rel] is not permitted [file:///work/dist/oscal/ssp.json]
